2019-04-13 19:35:17 [scrapy.utils.log] INFO: Scrapy 1.6.0 started (bot: welfare)
2019-04-13 19:35:17 [scrapy.utils.log] INFO: Versions: lxml 4.3.3.0, libxml2 2.9.9, cssselect 1.0.3, parsel 1.5.1, w3lib 1.20.0, Twisted 18.9.0, Python 3.7.3 (default, Mar 27 2019, 09:23:15) - [Clang 10.0.1 (clang-1001.0.46.3)], pyOpenSSL 19.0.0 (OpenSSL 1.1.1b  26 Feb 2019), cryptography 2.6.1, Platform Darwin-18.5.0-x86_64-i386-64bit
2019-04-13 19:35:17 [scrapy.crawler] INFO: Overridden settings: {'BOT_NAME': 'welfare', 'LOG_FILE': 'logfile.log', 'NEWSPIDER_MODULE': 'welfare.spiders', 'ROBOTSTXT_OBEY': True, 'SPIDER_MODULES': ['welfare.spiders']}
2019-04-13 19:35:17 [scrapy.extensions.telnet] INFO: Telnet Password: a99b3e5899f882c4
2019-04-13 19:35:17 [scrapy.middleware] INFO: Enabled extensions:
['scrapy.extensions.corestats.CoreStats',
 'scrapy.extensions.telnet.TelnetConsole',
 'scrapy.extensions.memusage.MemoryUsage',
 'scrapy.extensions.logstats.LogStats']
2019-04-13 19:35:17 [scrapy.middleware] INFO: Enabled downloader middlewares:
['scrapy.downloadermiddlewares.robotstxt.RobotsTxtMiddleware',
 'scrapy.downloadermiddlewares.httpauth.HttpAuthMiddleware',
 'scrapy.downloadermiddlewares.downloadtimeout.DownloadTimeoutMiddleware',
 'scrapy.downloadermiddlewares.defaultheaders.DefaultHeadersMiddleware',
 'scrapy.downloadermiddlewares.useragent.UserAgentMiddleware',
 'scrapy.downloadermiddlewares.retry.RetryMiddleware',
 'scrapy.downloadermiddlewares.redirect.MetaRefreshMiddleware',
 'scrapy.downloadermiddlewares.httpcompression.HttpCompressionMiddleware',
 'scrapy.downloadermiddlewares.redirect.RedirectMiddleware',
 'scrapy.downloadermiddlewares.cookies.CookiesMiddleware',
 'scrapy.downloadermiddlewares.httpproxy.HttpProxyMiddleware',
 'scrapy.downloadermiddlewares.stats.DownloaderStats']
2019-04-13 19:35:17 [scrapy.middleware] INFO: Enabled spider middlewares:
['scrapy.spidermiddlewares.httperror.HttpErrorMiddleware',
 'scrapy.spidermiddlewares.offsite.OffsiteMiddleware',
 'scrapy.spidermiddlewares.referer.RefererMiddleware',
 'scrapy.spidermiddlewares.urllength.UrlLengthMiddleware',
 'scrapy.spidermiddlewares.depth.DepthMiddleware']
2019-04-13 19:35:17 [scrapy.middleware] INFO: Enabled item pipelines:
['welfare.pipelines.WelfarePipeline']
2019-04-13 19:35:17 [scrapy.core.engine] INFO: Spider opened
2019-04-13 19:35:17 [scrapy.extensions.logstats] INFO: Crawled 0 pages (at 0 pages/min), scraped 0 items (at 0 items/min)
2019-04-13 19:35:17 [scrapy.extensions.telnet] INFO: Telnet console listening on 127.0.0.1:6029
2019-04-13 19:35:17 [scrapy.core.engine] DEBUG: Crawled (200) <GET http://bokjiro.go.kr/robots.txt> (referer: None)
2019-04-13 19:35:18 [scrapy.core.engine] DEBUG: Crawled (200) <GET http://bokjiro.go.kr/nwel/helpus/welsha/selectWelShaInfoBbrdMngList.do?searchCondition=&searchKeyword=&srchDuration=&stDate=&endDate=&pageUnit=10&endSvrEsc=0&intClIdStr=&orderCol=MODDATE&orderBy=DESC&recordCountPerPage=10&viewEndService=&pageIndex=3> (referer: None)
2019-04-13 19:35:18 [scrapy.core.engine] DEBUG: Crawled (200) <GET http://bokjiro.go.kr/nwel/helpus/welsha/selectWelShaInfoBbrdMngList.do?searchCondition=&searchKeyword=&srchDuration=&stDate=&endDate=&pageUnit=10&endSvrEsc=0&intClIdStr=&orderCol=MODDATE&orderBy=DESC&recordCountPerPage=10&viewEndService=&pageIndex=2> (referer: None)
2019-04-13 19:35:18 [scrapy.core.engine] DEBUG: Crawled (200) <GET http://bokjiro.go.kr/nwel/helpus/welsha/selectWelShaInfoBbrdMngList.do?searchCondition=&searchKeyword=&srchDuration=&stDate=&endDate=&pageUnit=10&endSvrEsc=0&intClIdStr=&orderCol=MODDATE&orderBy=DESC&recordCountPerPage=10&viewEndService=&pageIndex=1> (referer: None)
2019-04-13 19:35:19 [scrapy.core.engine] DEBUG: Crawled (200) <GET http://bokjiro.go.kr//nwel/helpus/welsha/selectWelShaInfoBbrdMngView.do?searchCondition=&searchKeyword=&srchDuration=&stDate=&endDate=&pageUnit=10&endSvrEsc=0&intClIdStr=&pageIndex=3&orderCol=MODDATE&orderBy=DESC&recordCountPerPage=10&viewEndService=&shaInfSno=BOK00000381> (referer: http://bokjiro.go.kr/nwel/helpus/welsha/selectWelShaInfoBbrdMngList.do?searchCondition=&searchKeyword=&srchDuration=&stDate=&endDate=&pageUnit=10&endSvrEsc=0&intClIdStr=&orderCol=MODDATE&orderBy=DESC&recordCountPerPage=10&viewEndService=&pageIndex=3)
2019-04-13 19:35:19 [scrapy.core.engine] DEBUG: Crawled (200) <GET http://bokjiro.go.kr//nwel/helpus/welsha/selectWelShaInfoBbrdMngView.do?searchCondition=&searchKeyword=&srchDuration=&stDate=&endDate=&pageUnit=10&endSvrEsc=0&intClIdStr=&pageIndex=3&orderCol=MODDATE&orderBy=DESC&recordCountPerPage=10&viewEndService=&shaInfSno=S5300085671> (referer: http://bokjiro.go.kr/nwel/helpus/welsha/selectWelShaInfoBbrdMngList.do?searchCondition=&searchKeyword=&srchDuration=&stDate=&endDate=&pageUnit=10&endSvrEsc=0&intClIdStr=&orderCol=MODDATE&orderBy=DESC&recordCountPerPage=10&viewEndService=&pageIndex=3)
2019-04-13 19:35:19 [scrapy.core.engine] DEBUG: Crawled (200) <GET http://bokjiro.go.kr//nwel/helpus/welsha/selectWelShaInfoBbrdMngView.do?searchCondition=&searchKeyword=&srchDuration=&stDate=&endDate=&pageUnit=10&endSvrEsc=0&intClIdStr=&pageIndex=3&orderCol=MODDATE&orderBy=DESC&recordCountPerPage=10&viewEndService=&shaInfSno=S5300076842> (referer: http://bokjiro.go.kr/nwel/helpus/welsha/selectWelShaInfoBbrdMngList.do?searchCondition=&searchKeyword=&srchDuration=&stDate=&endDate=&pageUnit=10&endSvrEsc=0&intClIdStr=&orderCol=MODDATE&orderBy=DESC&recordCountPerPage=10&viewEndService=&pageIndex=3)
2019-04-13 19:35:19 [scrapy.core.scraper] DEBUG: Scraped from <200 http://bokjiro.go.kr//nwel/helpus/welsha/selectWelShaInfoBbrdMngView.do?searchCondition=&searchKeyword=&srchDuration=&stDate=&endDate=&pageUnit=10&endSvrEsc=0&intClIdStr=&pageIndex=3&orderCol=MODDATE&orderBy=DESC&recordCountPerPage=10&viewEndService=&shaInfSno=BOK00000381>
{'name': ['주식회사 제이티비그룹'], 'service': ['저소득층을 위한 교육나눔']}
2019-04-13 19:35:19 [scrapy.core.engine] DEBUG: Crawled (200) <GET http://bokjiro.go.kr//nwel/helpus/welsha/selectWelShaInfoBbrdMngView.do?searchCondition=&searchKeyword=&srchDuration=&stDate=&endDate=&pageUnit=10&endSvrEsc=0&intClIdStr=&pageIndex=3&orderCol=MODDATE&orderBy=DESC&recordCountPerPage=10&viewEndService=&shaInfSno=S5300093917> (referer: http://bokjiro.go.kr/nwel/helpus/welsha/selectWelShaInfoBbrdMngList.do?searchCondition=&searchKeyword=&srchDuration=&stDate=&endDate=&pageUnit=10&endSvrEsc=0&intClIdStr=&orderCol=MODDATE&orderBy=DESC&recordCountPerPage=10&viewEndService=&pageIndex=3)
2019-04-13 19:35:19 [scrapy.core.engine] DEBUG: Crawled (200) <GET http://bokjiro.go.kr//nwel/helpus/welsha/selectWelShaInfoBbrdMngView.do?searchCondition=&searchKeyword=&srchDuration=&stDate=&endDate=&pageUnit=10&endSvrEsc=0&intClIdStr=&pageIndex=3&orderCol=MODDATE&orderBy=DESC&recordCountPerPage=10&viewEndService=&shaInfSno=S5300066899> (referer: http://bokjiro.go.kr/nwel/helpus/welsha/selectWelShaInfoBbrdMngList.do?searchCondition=&searchKeyword=&srchDuration=&stDate=&endDate=&pageUnit=10&endSvrEsc=0&intClIdStr=&orderCol=MODDATE&orderBy=DESC&recordCountPerPage=10&viewEndService=&pageIndex=3)
2019-04-13 19:35:19 [scrapy.core.scraper] DEBUG: Scraped from <200 http://bokjiro.go.kr//nwel/helpus/welsha/selectWelShaInfoBbrdMngView.do?searchCondition=&searchKeyword=&srchDuration=&stDate=&endDate=&pageUnit=10&endSvrEsc=0&intClIdStr=&pageIndex=3&orderCol=MODDATE&orderBy=DESC&recordCountPerPage=10&viewEndService=&shaInfSno=S5300085671>
{'name': ['우천복지재단'], 'service': ['북한이탈주민 의료비 지원']}
2019-04-13 19:35:19 [scrapy.core.scraper] DEBUG: Scraped from <200 http://bokjiro.go.kr//nwel/helpus/welsha/selectWelShaInfoBbrdMngView.do?searchCondition=&searchKeyword=&srchDuration=&stDate=&endDate=&pageUnit=10&endSvrEsc=0&intClIdStr=&pageIndex=3&orderCol=MODDATE&orderBy=DESC&recordCountPerPage=10&viewEndService=&shaInfSno=S5300076842>
{'name': ['\r\n'
          '\t\t\t\t\t\t\t\t\r\n'
          '\t\t\t\t\t\t\t\t\r\n'
          '\t\t\t\t\t\t\t\t밀알복지재단\r\n'
          '\t\t\t\t\t\t\t\t '],
 'service': ['밝은 세상을 보는 즐거움']}
2019-04-13 19:35:19 [scrapy.core.engine] DEBUG: Crawled (200) <GET http://bokjiro.go.kr//nwel/helpus/welsha/selectWelShaInfoBbrdMngView.do?searchCondition=&searchKeyword=&srchDuration=&stDate=&endDate=&pageUnit=10&endSvrEsc=0&intClIdStr=&pageIndex=3&orderCol=MODDATE&orderBy=DESC&recordCountPerPage=10&viewEndService=&shaInfSno=S5300066905> (referer: http://bokjiro.go.kr/nwel/helpus/welsha/selectWelShaInfoBbrdMngList.do?searchCondition=&searchKeyword=&srchDuration=&stDate=&endDate=&pageUnit=10&endSvrEsc=0&intClIdStr=&orderCol=MODDATE&orderBy=DESC&recordCountPerPage=10&viewEndService=&pageIndex=3)
2019-04-13 19:35:19 [scrapy.core.engine] DEBUG: Crawled (200) <GET http://bokjiro.go.kr//nwel/helpus/welsha/selectWelShaInfoBbrdMngView.do?searchCondition=&searchKeyword=&srchDuration=&stDate=&endDate=&pageUnit=10&endSvrEsc=0&intClIdStr=&pageIndex=3&orderCol=MODDATE&orderBy=DESC&recordCountPerPage=10&viewEndService=&shaInfSno=S5300085580> (referer: http://bokjiro.go.kr/nwel/helpus/welsha/selectWelShaInfoBbrdMngList.do?searchCondition=&searchKeyword=&srchDuration=&stDate=&endDate=&pageUnit=10&endSvrEsc=0&intClIdStr=&orderCol=MODDATE&orderBy=DESC&recordCountPerPage=10&viewEndService=&pageIndex=3)
2019-04-13 19:35:19 [scrapy.core.engine] DEBUG: Crawled (200) <GET http://bokjiro.go.kr//nwel/helpus/welsha/selectWelShaInfoBbrdMngView.do?searchCondition=&searchKeyword=&srchDuration=&stDate=&endDate=&pageUnit=10&endSvrEsc=0&intClIdStr=&pageIndex=3&orderCol=MODDATE&orderBy=DESC&recordCountPerPage=10&viewEndService=&shaInfSno=S5300057761> (referer: http://bokjiro.go.kr/nwel/helpus/welsha/selectWelShaInfoBbrdMngList.do?searchCondition=&searchKeyword=&srchDuration=&stDate=&endDate=&pageUnit=10&endSvrEsc=0&intClIdStr=&orderCol=MODDATE&orderBy=DESC&recordCountPerPage=10&viewEndService=&pageIndex=3)
2019-04-13 19:35:19 [scrapy.core.scraper] DEBUG: Scraped from <200 http://bokjiro.go.kr//nwel/helpus/welsha/selectWelShaInfoBbrdMngView.do?searchCondition=&searchKeyword=&srchDuration=&stDate=&endDate=&pageUnit=10&endSvrEsc=0&intClIdStr=&pageIndex=3&orderCol=MODDATE&orderBy=DESC&recordCountPerPage=10&viewEndService=&shaInfSno=S5300093917>
{'name': ['\r\n'
          '\t\t\t\t\t\t\t\t\r\n'
          '\t\t\t\t\t\t\t\t\r\n'
          '\t\t\t\t\t\t\t\t청년희망재단\r\n'
          '\t\t\t\t\t\t\t\t '],
 'service': ['청년 학자금대출 상환지원']}
2019-04-13 19:35:19 [scrapy.core.scraper] DEBUG: Scraped from <200 http://bokjiro.go.kr//nwel/helpus/welsha/selectWelShaInfoBbrdMngView.do?searchCondition=&searchKeyword=&srchDuration=&stDate=&endDate=&pageUnit=10&endSvrEsc=0&intClIdStr=&pageIndex=3&orderCol=MODDATE&orderBy=DESC&recordCountPerPage=10&viewEndService=&shaInfSno=S5300066899>
{'name': ['\r\n'
          '\t\t\t\t\t\t\t\t\r\n'
          '\t\t\t\t\t\t\t\t\r\n'
          '\t\t\t\t\t\t\t\t홀트아동복지회\r\n'
          '\t\t\t\t\t\t\t\t '],
 'service': ['세상에서 제일 소중한 너라서']}
2019-04-13 19:35:19 [scrapy.core.scraper] DEBUG: Scraped from <200 http://bokjiro.go.kr//nwel/helpus/welsha/selectWelShaInfoBbrdMngView.do?searchCondition=&searchKeyword=&srchDuration=&stDate=&endDate=&pageUnit=10&endSvrEsc=0&intClIdStr=&pageIndex=3&orderCol=MODDATE&orderBy=DESC&recordCountPerPage=10&viewEndService=&shaInfSno=S5300066905>
{'name': ['\r\n'
          '\t\t\t\t\t\t\t\t\r\n'
          '\t\t\t\t\t\t\t\t\r\n'
          '\t\t\t\t\t\t\t\t(사)부스러기사랑나눔회\r\n'
          '\t\t\t\t\t\t\t\t '],
 'service': ['내일을 찾는 학교']}
2019-04-13 19:35:19 [scrapy.core.scraper] DEBUG: Scraped from <200 http://bokjiro.go.kr//nwel/helpus/welsha/selectWelShaInfoBbrdMngView.do?searchCondition=&searchKeyword=&srchDuration=&stDate=&endDate=&pageUnit=10&endSvrEsc=0&intClIdStr=&pageIndex=3&orderCol=MODDATE&orderBy=DESC&recordCountPerPage=10&viewEndService=&shaInfSno=S5300085580>
{'name': ['열매나눔재단'], 'service': ['카 셰어링 이용권 지원']}
2019-04-13 19:35:19 [scrapy.core.scraper] DEBUG: Scraped from <200 http://bokjiro.go.kr//nwel/helpus/welsha/selectWelShaInfoBbrdMngView.do?searchCondition=&searchKeyword=&srchDuration=&stDate=&endDate=&pageUnit=10&endSvrEsc=0&intClIdStr=&pageIndex=3&orderCol=MODDATE&orderBy=DESC&recordCountPerPage=10&viewEndService=&shaInfSno=S5300057761>
{'name': ['\r\n'
          '\t\t\t\t\t\t\t\t\r\n'
          '\t\t\t\t\t\t\t\t\r\n'
          '\t\t\t\t\t\t\t\t롯데재단\r\n'
          '\t\t\t\t\t\t\t\t '],
 'service': ['장애인 보조기기 지원사업']}
2019-04-13 19:35:19 [scrapy.core.engine] DEBUG: Crawled (200) <GET http://bokjiro.go.kr//nwel/helpus/welsha/selectWelShaInfoBbrdMngView.do?searchCondition=&searchKeyword=&srchDuration=&stDate=&endDate=&pageUnit=10&endSvrEsc=0&intClIdStr=&pageIndex=3&orderCol=MODDATE&orderBy=DESC&recordCountPerPage=10&viewEndService=&shaInfSno=BOK00000416> (referer: http://bokjiro.go.kr/nwel/helpus/welsha/selectWelShaInfoBbrdMngList.do?searchCondition=&searchKeyword=&srchDuration=&stDate=&endDate=&pageUnit=10&endSvrEsc=0&intClIdStr=&orderCol=MODDATE&orderBy=DESC&recordCountPerPage=10&viewEndService=&pageIndex=3)
2019-04-13 19:35:19 [scrapy.core.engine] DEBUG: Crawled (200) <GET http://bokjiro.go.kr//nwel/helpus/welsha/selectWelShaInfoBbrdMngView.do?searchCondition=&searchKeyword=&srchDuration=&stDate=&endDate=&pageUnit=10&endSvrEsc=0&intClIdStr=&pageIndex=2&orderCol=MODDATE&orderBy=DESC&recordCountPerPage=10&viewEndService=&shaInfSno=BOK00000420> (referer: http://bokjiro.go.kr/nwel/helpus/welsha/selectWelShaInfoBbrdMngList.do?searchCondition=&searchKeyword=&srchDuration=&stDate=&endDate=&pageUnit=10&endSvrEsc=0&intClIdStr=&orderCol=MODDATE&orderBy=DESC&recordCountPerPage=10&viewEndService=&pageIndex=2)
2019-04-13 19:35:19 [scrapy.core.engine] DEBUG: Crawled (200) <GET http://bokjiro.go.kr//nwel/helpus/welsha/selectWelShaInfoBbrdMngView.do?searchCondition=&searchKeyword=&srchDuration=&stDate=&endDate=&pageUnit=10&endSvrEsc=0&intClIdStr=&pageIndex=2&orderCol=MODDATE&orderBy=DESC&recordCountPerPage=10&viewEndService=&shaInfSno=S5300107358> (referer: http://bokjiro.go.kr/nwel/helpus/welsha/selectWelShaInfoBbrdMngList.do?searchCondition=&searchKeyword=&srchDuration=&stDate=&endDate=&pageUnit=10&endSvrEsc=0&intClIdStr=&orderCol=MODDATE&orderBy=DESC&recordCountPerPage=10&viewEndService=&pageIndex=2)
2019-04-13 19:35:19 [scrapy.core.scraper] DEBUG: Scraped from <200 http://bokjiro.go.kr//nwel/helpus/welsha/selectWelShaInfoBbrdMngView.do?searchCondition=&searchKeyword=&srchDuration=&stDate=&endDate=&pageUnit=10&endSvrEsc=0&intClIdStr=&pageIndex=3&orderCol=MODDATE&orderBy=DESC&recordCountPerPage=10&viewEndService=&shaInfSno=BOK00000416>
{'name': ['(사)한국미혼모지원네트워크'], 'service': ['미혼모위기지원 트라이앵글 프로젝트']}
2019-04-13 19:35:19 [scrapy.core.scraper] DEBUG: Scraped from <200 http://bokjiro.go.kr//nwel/helpus/welsha/selectWelShaInfoBbrdMngView.do?searchCondition=&searchKeyword=&srchDuration=&stDate=&endDate=&pageUnit=10&endSvrEsc=0&intClIdStr=&pageIndex=2&orderCol=MODDATE&orderBy=DESC&recordCountPerPage=10&viewEndService=&shaInfSno=BOK00000420>
{'name': ['사)한국장애인문화협회'], 'service': ['희망이음 무료나눔교육 "온라인교육컨텐츠+문구류물품 지급"']}
2019-04-13 19:35:19 [scrapy.core.engine] DEBUG: Crawled (200) <GET http://bokjiro.go.kr//nwel/helpus/welsha/selectWelShaInfoBbrdMngView.do?searchCondition=&searchKeyword=&srchDuration=&stDate=&endDate=&pageUnit=10&endSvrEsc=0&intClIdStr=&pageIndex=3&orderCol=MODDATE&orderBy=DESC&recordCountPerPage=10&viewEndService=&shaInfSno=S5300052509> (referer: http://bokjiro.go.kr/nwel/helpus/welsha/selectWelShaInfoBbrdMngList.do?searchCondition=&searchKeyword=&srchDuration=&stDate=&endDate=&pageUnit=10&endSvrEsc=0&intClIdStr=&orderCol=MODDATE&orderBy=DESC&recordCountPerPage=10&viewEndService=&pageIndex=3)
2019-04-13 19:35:19 [scrapy.core.scraper] DEBUG: Scraped from <200 http://bokjiro.go.kr//nwel/helpus/welsha/selectWelShaInfoBbrdMngView.do?searchCondition=&searchKeyword=&srchDuration=&stDate=&endDate=&pageUnit=10&endSvrEsc=0&intClIdStr=&pageIndex=2&orderCol=MODDATE&orderBy=DESC&recordCountPerPage=10&viewEndService=&shaInfSno=S5300107358>
{'name': ['한국의료지원재단'], 'service': ['저소득층 화농성한선염 질환 생물학적 제제 약제비 지원']}
2019-04-13 19:35:19 [scrapy.core.engine] DEBUG: Crawled (200) <GET http://bokjiro.go.kr//nwel/helpus/welsha/selectWelShaInfoBbrdMngView.do?searchCondition=&searchKeyword=&srchDuration=&stDate=&endDate=&pageUnit=10&endSvrEsc=0&intClIdStr=&pageIndex=2&orderCol=MODDATE&orderBy=DESC&recordCountPerPage=10&viewEndService=&shaInfSno=S5300107278> (referer: http://bokjiro.go.kr/nwel/helpus/welsha/selectWelShaInfoBbrdMngList.do?searchCondition=&searchKeyword=&srchDuration=&stDate=&endDate=&pageUnit=10&endSvrEsc=0&intClIdStr=&orderCol=MODDATE&orderBy=DESC&recordCountPerPage=10&viewEndService=&pageIndex=2)
2019-04-13 19:35:19 [scrapy.core.scraper] DEBUG: Scraped from <200 http://bokjiro.go.kr//nwel/helpus/welsha/selectWelShaInfoBbrdMngView.do?searchCondition=&searchKeyword=&srchDuration=&stDate=&endDate=&pageUnit=10&endSvrEsc=0&intClIdStr=&pageIndex=3&orderCol=MODDATE&orderBy=DESC&recordCountPerPage=10&viewEndService=&shaInfSno=S5300052509>
{'name': ['\r\n'
          '\t\t\t\t\t\t\t\t\r\n'
          '\t\t\t\t\t\t\t\t\r\n'
          '\t\t\t\t\t\t\t\t홀트아동복지회\r\n'
          '\t\t\t\t\t\t\t\t '],
 'service': ['꿈과 희망+행복']}
2019-04-13 19:35:19 [scrapy.core.scraper] DEBUG: Scraped from <200 http://bokjiro.go.kr//nwel/helpus/welsha/selectWelShaInfoBbrdMngView.do?searchCondition=&searchKeyword=&srchDuration=&stDate=&endDate=&pageUnit=10&endSvrEsc=0&intClIdStr=&pageIndex=2&orderCol=MODDATE&orderBy=DESC&recordCountPerPage=10&viewEndService=&shaInfSno=S5300107278>
{'name': ['한국의료지원재단'], 'service': ['비감염성 포도막염 생물학적 제제 약제비 지원']}
2019-04-13 19:35:19 [scrapy.core.engine] DEBUG: Crawled (200) <GET http://bokjiro.go.kr//nwel/helpus/welsha/selectWelShaInfoBbrdMngView.do?searchCondition=&searchKeyword=&srchDuration=&stDate=&endDate=&pageUnit=10&endSvrEsc=0&intClIdStr=&pageIndex=2&orderCol=MODDATE&orderBy=DESC&recordCountPerPage=10&viewEndService=&shaInfSno=S5300109910> (referer: http://bokjiro.go.kr/nwel/helpus/welsha/selectWelShaInfoBbrdMngList.do?searchCondition=&searchKeyword=&srchDuration=&stDate=&endDate=&pageUnit=10&endSvrEsc=0&intClIdStr=&orderCol=MODDATE&orderBy=DESC&recordCountPerPage=10&viewEndService=&pageIndex=2)
2019-04-13 19:35:19 [scrapy.core.engine] DEBUG: Crawled (200) <GET http://bokjiro.go.kr//nwel/helpus/welsha/selectWelShaInfoBbrdMngView.do?searchCondition=&searchKeyword=&srchDuration=&stDate=&endDate=&pageUnit=10&endSvrEsc=0&intClIdStr=&pageIndex=2&orderCol=MODDATE&orderBy=DESC&recordCountPerPage=10&viewEndService=&shaInfSno=S5300109903> (referer: http://bokjiro.go.kr/nwel/helpus/welsha/selectWelShaInfoBbrdMngList.do?searchCondition=&searchKeyword=&srchDuration=&stDate=&endDate=&pageUnit=10&endSvrEsc=0&intClIdStr=&orderCol=MODDATE&orderBy=DESC&recordCountPerPage=10&viewEndService=&pageIndex=2)
2019-04-13 19:35:19 [scrapy.core.engine] DEBUG: Crawled (200) <GET http://bokjiro.go.kr//nwel/helpus/welsha/selectWelShaInfoBbrdMngView.do?searchCondition=&searchKeyword=&srchDuration=&stDate=&endDate=&pageUnit=10&endSvrEsc=0&intClIdStr=&pageIndex=2&orderCol=MODDATE&orderBy=DESC&recordCountPerPage=10&viewEndService=&shaInfSno=BOK00000427> (referer: http://bokjiro.go.kr/nwel/helpus/welsha/selectWelShaInfoBbrdMngList.do?searchCondition=&searchKeyword=&srchDuration=&stDate=&endDate=&pageUnit=10&endSvrEsc=0&intClIdStr=&orderCol=MODDATE&orderBy=DESC&recordCountPerPage=10&viewEndService=&pageIndex=2)
2019-04-13 19:35:19 [scrapy.core.scraper] DEBUG: Scraped from <200 http://bokjiro.go.kr//nwel/helpus/welsha/selectWelShaInfoBbrdMngView.do?searchCondition=&searchKeyword=&srchDuration=&stDate=&endDate=&pageUnit=10&endSvrEsc=0&intClIdStr=&pageIndex=2&orderCol=MODDATE&orderBy=DESC&recordCountPerPage=10&viewEndService=&shaInfSno=S5300109910>
{'name': ['\r\n'
          '\t\t\t\t\t\t\t\t\r\n'
          '\t\t\t\t\t\t\t\t\r\n'
          '\t\t\t\t\t\t\t\t열매나눔재단\r\n'
          '\t\t\t\t\t\t\t\t '],
 'service': ['탈북대학생 기숙사 메리메이트']}
2019-04-13 19:35:19 [scrapy.core.scraper] DEBUG: Scraped from <200 http://bokjiro.go.kr//nwel/helpus/welsha/selectWelShaInfoBbrdMngView.do?searchCondition=&searchKeyword=&srchDuration=&stDate=&endDate=&pageUnit=10&endSvrEsc=0&intClIdStr=&pageIndex=2&orderCol=MODDATE&orderBy=DESC&recordCountPerPage=10&viewEndService=&shaInfSno=S5300109903>
{'name': ['\r\n'
          '\t\t\t\t\t\t\t\t\r\n'
          '\t\t\t\t\t\t\t\t\r\n'
          '\t\t\t\t\t\t\t\t대산문화재단\r\n'
          '\t\t\t\t\t\t\t\t '],
 'service': ['대학생아시아대장정']}
2019-04-13 19:35:19 [scrapy.core.engine] DEBUG: Crawled (200) <GET http://bokjiro.go.kr//nwel/helpus/welsha/selectWelShaInfoBbrdMngView.do?searchCondition=&searchKeyword=&srchDuration=&stDate=&endDate=&pageUnit=10&endSvrEsc=0&intClIdStr=&pageIndex=1&orderCol=MODDATE&orderBy=DESC&recordCountPerPage=10&viewEndService=&shaInfSno=BOK00000434> (referer: http://bokjiro.go.kr/nwel/helpus/welsha/selectWelShaInfoBbrdMngList.do?searchCondition=&searchKeyword=&srchDuration=&stDate=&endDate=&pageUnit=10&endSvrEsc=0&intClIdStr=&orderCol=MODDATE&orderBy=DESC&recordCountPerPage=10&viewEndService=&pageIndex=1)
2019-04-13 19:35:20 [scrapy.core.engine] DEBUG: Crawled (200) <GET http://bokjiro.go.kr//nwel/helpus/welsha/selectWelShaInfoBbrdMngView.do?searchCondition=&searchKeyword=&srchDuration=&stDate=&endDate=&pageUnit=10&endSvrEsc=0&intClIdStr=&pageIndex=1&orderCol=MODDATE&orderBy=DESC&recordCountPerPage=10&viewEndService=&shaInfSno=BOK00000441> (referer: http://bokjiro.go.kr/nwel/helpus/welsha/selectWelShaInfoBbrdMngList.do?searchCondition=&searchKeyword=&srchDuration=&stDate=&endDate=&pageUnit=10&endSvrEsc=0&intClIdStr=&orderCol=MODDATE&orderBy=DESC&recordCountPerPage=10&viewEndService=&pageIndex=1)
2019-04-13 19:35:20 [scrapy.core.scraper] DEBUG: Scraped from <200 http://bokjiro.go.kr//nwel/helpus/welsha/selectWelShaInfoBbrdMngView.do?searchCondition=&searchKeyword=&srchDuration=&stDate=&endDate=&pageUnit=10&endSvrEsc=0&intClIdStr=&pageIndex=2&orderCol=MODDATE&orderBy=DESC&recordCountPerPage=10&viewEndService=&shaInfSno=BOK00000427>
{'name': ['송파노인종합복지관'], 'service': ['2019년 노인일자리 및 사회활동 지원사업']}
2019-04-13 19:35:20 [scrapy.core.scraper] DEBUG: Scraped from <200 http://bokjiro.go.kr//nwel/helpus/welsha/selectWelShaInfoBbrdMngView.do?searchCondition=&searchKeyword=&srchDuration=&stDate=&endDate=&pageUnit=10&endSvrEsc=0&intClIdStr=&pageIndex=1&orderCol=MODDATE&orderBy=DESC&recordCountPerPage=10&viewEndService=&shaInfSno=BOK00000434>
{'name': ['사회복지법인 밀알복지재단'], 'service': ["장애청소년 운동선수지원사업 '점프'"]}
2019-04-13 19:35:20 [scrapy.core.scraper] DEBUG: Scraped from <200 http://bokjiro.go.kr//nwel/helpus/welsha/selectWelShaInfoBbrdMngView.do?searchCondition=&searchKeyword=&srchDuration=&stDate=&endDate=&pageUnit=10&endSvrEsc=0&intClIdStr=&pageIndex=1&orderCol=MODDATE&orderBy=DESC&recordCountPerPage=10&viewEndService=&shaInfSno=BOK00000441>
{'name': ['희망나눔 주주연대'], 'service': ['희망나눔주주연대 의료/생활비 지원 사업']}
2019-04-13 19:35:20 [scrapy.core.engine] DEBUG: Crawled (200) <GET http://bokjiro.go.kr//nwel/helpus/welsha/selectWelShaInfoBbrdMngView.do?searchCondition=&searchKeyword=&srchDuration=&stDate=&endDate=&pageUnit=10&endSvrEsc=0&intClIdStr=&pageIndex=1&orderCol=MODDATE&orderBy=DESC&recordCountPerPage=10&viewEndService=&shaInfSno=BOK00000443> (referer: http://bokjiro.go.kr/nwel/helpus/welsha/selectWelShaInfoBbrdMngList.do?searchCondition=&searchKeyword=&srchDuration=&stDate=&endDate=&pageUnit=10&endSvrEsc=0&intClIdStr=&orderCol=MODDATE&orderBy=DESC&recordCountPerPage=10&viewEndService=&pageIndex=1)
2019-04-13 19:35:20 [scrapy.core.engine] DEBUG: Crawled (200) <GET http://bokjiro.go.kr//nwel/helpus/welsha/selectWelShaInfoBbrdMngView.do?searchCondition=&searchKeyword=&srchDuration=&stDate=&endDate=&pageUnit=10&endSvrEsc=0&intClIdStr=&pageIndex=1&orderCol=MODDATE&orderBy=DESC&recordCountPerPage=10&viewEndService=&shaInfSno=S5300122167> (referer: http://bokjiro.go.kr/nwel/helpus/welsha/selectWelShaInfoBbrdMngList.do?searchCondition=&searchKeyword=&srchDuration=&stDate=&endDate=&pageUnit=10&endSvrEsc=0&intClIdStr=&orderCol=MODDATE&orderBy=DESC&recordCountPerPage=10&viewEndService=&pageIndex=1)
2019-04-13 19:35:20 [scrapy.core.engine] DEBUG: Crawled (200) <GET http://bokjiro.go.kr//nwel/helpus/welsha/selectWelShaInfoBbrdMngView.do?searchCondition=&searchKeyword=&srchDuration=&stDate=&endDate=&pageUnit=10&endSvrEsc=0&intClIdStr=&pageIndex=1&orderCol=MODDATE&orderBy=DESC&recordCountPerPage=10&viewEndService=&shaInfSno=S5300127626> (referer: http://bokjiro.go.kr/nwel/helpus/welsha/selectWelShaInfoBbrdMngList.do?searchCondition=&searchKeyword=&srchDuration=&stDate=&endDate=&pageUnit=10&endSvrEsc=0&intClIdStr=&orderCol=MODDATE&orderBy=DESC&recordCountPerPage=10&viewEndService=&pageIndex=1)
2019-04-13 19:35:20 [scrapy.core.scraper] DEBUG: Scraped from <200 http://bokjiro.go.kr//nwel/helpus/welsha/selectWelShaInfoBbrdMngView.do?searchCondition=&searchKeyword=&srchDuration=&stDate=&endDate=&pageUnit=10&endSvrEsc=0&intClIdStr=&pageIndex=1&orderCol=MODDATE&orderBy=DESC&recordCountPerPage=10&viewEndService=&shaInfSno=BOK00000443>
{'name': ['(사)월드휴먼브리지'], 'service': ['모아사랑 태교음악회(임신부 출산용품 후원)']}
2019-04-13 19:35:20 [scrapy.core.scraper] DEBUG: Scraped from <200 http://bokjiro.go.kr//nwel/helpus/welsha/selectWelShaInfoBbrdMngView.do?searchCondition=&searchKeyword=&srchDuration=&stDate=&endDate=&pageUnit=10&endSvrEsc=0&intClIdStr=&pageIndex=1&orderCol=MODDATE&orderBy=DESC&recordCountPerPage=10&viewEndService=&shaInfSno=S5300122167>
{'name': ['\r\n'
          '\t\t\t\t\t\t\t\t\r\n'
          '\t\t\t\t\t\t\t\t\r\n'
          '\t\t\t\t\t\t\t\t더라이트핸즈\r\n'
          '\t\t\t\t\t\t\t\t '],
 'service': ['대학생 장학사업']}
2019-04-13 19:35:20 [scrapy.core.scraper] DEBUG: Scraped from <200 http://bokjiro.go.kr//nwel/helpus/welsha/selectWelShaInfoBbrdMngView.do?searchCondition=&searchKeyword=&srchDuration=&stDate=&endDate=&pageUnit=10&endSvrEsc=0&intClIdStr=&pageIndex=1&orderCol=MODDATE&orderBy=DESC&recordCountPerPage=10&viewEndService=&shaInfSno=S5300127626>
{'name': ['\r\n'
          '\t\t\t\t\t\t\t\t\r\n'
          '\t\t\t\t\t\t\t\t\r\n'
          '\t\t\t\t\t\t\t\t토도웍스\r\n'
          '\t\t\t\t\t\t\t\t '],
 'service': ['장애아동 이동권 증진사업(세잎클로버)']}
2019-04-13 19:35:20 [scrapy.core.engine] DEBUG: Crawled (200) <GET http://bokjiro.go.kr//nwel/helpus/welsha/selectWelShaInfoBbrdMngView.do?searchCondition=&searchKeyword=&srchDuration=&stDate=&endDate=&pageUnit=10&endSvrEsc=0&intClIdStr=&pageIndex=1&orderCol=MODDATE&orderBy=DESC&recordCountPerPage=10&viewEndService=&shaInfSno=BOK00000448> (referer: http://bokjiro.go.kr/nwel/helpus/welsha/selectWelShaInfoBbrdMngList.do?searchCondition=&searchKeyword=&srchDuration=&stDate=&endDate=&pageUnit=10&endSvrEsc=0&intClIdStr=&orderCol=MODDATE&orderBy=DESC&recordCountPerPage=10&viewEndService=&pageIndex=1)
2019-04-13 19:35:20 [scrapy.core.scraper] DEBUG: Scraped from <200 http://bokjiro.go.kr//nwel/helpus/welsha/selectWelShaInfoBbrdMngView.do?searchCondition=&searchKeyword=&srchDuration=&stDate=&endDate=&pageUnit=10&endSvrEsc=0&intClIdStr=&pageIndex=1&orderCol=MODDATE&orderBy=DESC&recordCountPerPage=10&viewEndService=&shaInfSno=BOK00000448>
{'name': ['한국전파진흥협회'], 'service': ['저소득층 지상파방송 안테나 설치지원']}
2019-04-13 19:35:20 [scrapy.core.engine] DEBUG: Crawled (200) <GET http://bokjiro.go.kr//nwel/helpus/welsha/selectWelShaInfoBbrdMngView.do?searchCondition=&searchKeyword=&srchDuration=&stDate=&endDate=&pageUnit=10&endSvrEsc=0&intClIdStr=&pageIndex=1&orderCol=MODDATE&orderBy=DESC&recordCountPerPage=10&viewEndService=&shaInfSno=BOK00000444> (referer: http://bokjiro.go.kr/nwel/helpus/welsha/selectWelShaInfoBbrdMngList.do?searchCondition=&searchKeyword=&srchDuration=&stDate=&endDate=&pageUnit=10&endSvrEsc=0&intClIdStr=&orderCol=MODDATE&orderBy=DESC&recordCountPerPage=10&viewEndService=&pageIndex=1)
2019-04-13 19:35:20 [scrapy.core.engine] DEBUG: Crawled (200) <GET http://bokjiro.go.kr//nwel/helpus/welsha/selectWelShaInfoBbrdMngView.do?searchCondition=&searchKeyword=&srchDuration=&stDate=&endDate=&pageUnit=10&endSvrEsc=0&intClIdStr=&pageIndex=1&orderCol=MODDATE&orderBy=DESC&recordCountPerPage=10&viewEndService=&shaInfSno=BOK00000447> (referer: http://bokjiro.go.kr/nwel/helpus/welsha/selectWelShaInfoBbrdMngList.do?searchCondition=&searchKeyword=&srchDuration=&stDate=&endDate=&pageUnit=10&endSvrEsc=0&intClIdStr=&orderCol=MODDATE&orderBy=DESC&recordCountPerPage=10&viewEndService=&pageIndex=1)
2019-04-13 19:35:20 [scrapy.core.engine] DEBUG: Crawled (200) <GET http://bokjiro.go.kr//nwel/helpus/welsha/selectWelShaInfoBbrdMngView.do?searchCondition=&searchKeyword=&srchDuration=&stDate=&endDate=&pageUnit=10&endSvrEsc=0&intClIdStr=&pageIndex=1&orderCol=MODDATE&orderBy=DESC&recordCountPerPage=10&viewEndService=&shaInfSno=BOK00000445> (referer: http://bokjiro.go.kr/nwel/helpus/welsha/selectWelShaInfoBbrdMngList.do?searchCondition=&searchKeyword=&srchDuration=&stDate=&endDate=&pageUnit=10&endSvrEsc=0&intClIdStr=&orderCol=MODDATE&orderBy=DESC&recordCountPerPage=10&viewEndService=&pageIndex=1)
2019-04-13 19:35:20 [scrapy.core.scraper] DEBUG: Scraped from <200 http://bokjiro.go.kr//nwel/helpus/welsha/selectWelShaInfoBbrdMngView.do?searchCondition=&searchKeyword=&srchDuration=&stDate=&endDate=&pageUnit=10&endSvrEsc=0&intClIdStr=&pageIndex=1&orderCol=MODDATE&orderBy=DESC&recordCountPerPage=10&viewEndService=&shaInfSno=BOK00000444>
{'name': ['세이브더칠드런코리아'], 'service': ['세이브더칠드런 아동의료지원사업']}
2019-04-13 19:35:20 [scrapy.core.engine] DEBUG: Crawled (200) <GET http://bokjiro.go.kr//nwel/helpus/welsha/selectWelShaInfoBbrdMngView.do?searchCondition=&searchKeyword=&srchDuration=&stDate=&endDate=&pageUnit=10&endSvrEsc=0&intClIdStr=&pageIndex=2&orderCol=MODDATE&orderBy=DESC&recordCountPerPage=10&viewEndService=&shaInfSno=S5300100338> (referer: http://bokjiro.go.kr/nwel/helpus/welsha/selectWelShaInfoBbrdMngList.do?searchCondition=&searchKeyword=&srchDuration=&stDate=&endDate=&pageUnit=10&endSvrEsc=0&intClIdStr=&orderCol=MODDATE&orderBy=DESC&recordCountPerPage=10&viewEndService=&pageIndex=2)
2019-04-13 19:35:20 [scrapy.core.scraper] DEBUG: Scraped from <200 http://bokjiro.go.kr//nwel/helpus/welsha/selectWelShaInfoBbrdMngView.do?searchCondition=&searchKeyword=&srchDuration=&stDate=&endDate=&pageUnit=10&endSvrEsc=0&intClIdStr=&pageIndex=1&orderCol=MODDATE&orderBy=DESC&recordCountPerPage=10&viewEndService=&shaInfSno=BOK00000447>
{'name': ['한국의료지원재단'], 'service': ['전자산업 재해 근로자 지원 사업']}
2019-04-13 19:35:20 [scrapy.core.engine] DEBUG: Crawled (200) <GET http://bokjiro.go.kr//nwel/helpus/welsha/selectWelShaInfoBbrdMngView.do?searchCondition=&searchKeyword=&srchDuration=&stDate=&endDate=&pageUnit=10&endSvrEsc=0&intClIdStr=&pageIndex=1&orderCol=MODDATE&orderBy=DESC&recordCountPerPage=10&viewEndService=&shaInfSno=BOK00000450> (referer: http://bokjiro.go.kr/nwel/helpus/welsha/selectWelShaInfoBbrdMngList.do?searchCondition=&searchKeyword=&srchDuration=&stDate=&endDate=&pageUnit=10&endSvrEsc=0&intClIdStr=&orderCol=MODDATE&orderBy=DESC&recordCountPerPage=10&viewEndService=&pageIndex=1)
2019-04-13 19:35:20 [scrapy.core.scraper] DEBUG: Scraped from <200 http://bokjiro.go.kr//nwel/helpus/welsha/selectWelShaInfoBbrdMngView.do?searchCondition=&searchKeyword=&srchDuration=&stDate=&endDate=&pageUnit=10&endSvrEsc=0&intClIdStr=&pageIndex=1&orderCol=MODDATE&orderBy=DESC&recordCountPerPage=10&viewEndService=&shaInfSno=BOK00000445>
{'name': ['세이브더칠드런코리아'], 'service': ['세이브더칠드런 위기아동지원사업']}
2019-04-13 19:35:20 [scrapy.core.engine] DEBUG: Crawled (200) <GET http://bokjiro.go.kr//nwel/helpus/welsha/selectWelShaInfoBbrdMngView.do?searchCondition=&searchKeyword=&srchDuration=&stDate=&endDate=&pageUnit=10&endSvrEsc=0&intClIdStr=&pageIndex=2&orderCol=MODDATE&orderBy=DESC&recordCountPerPage=10&viewEndService=&shaInfSno=BOK00000419> (referer: http://bokjiro.go.kr/nwel/helpus/welsha/selectWelShaInfoBbrdMngList.do?searchCondition=&searchKeyword=&srchDuration=&stDate=&endDate=&pageUnit=10&endSvrEsc=0&intClIdStr=&orderCol=MODDATE&orderBy=DESC&recordCountPerPage=10&viewEndService=&pageIndex=2)
2019-04-13 19:35:20 [scrapy.core.scraper] DEBUG: Scraped from <200 http://bokjiro.go.kr//nwel/helpus/welsha/selectWelShaInfoBbrdMngView.do?searchCondition=&searchKeyword=&srchDuration=&stDate=&endDate=&pageUnit=10&endSvrEsc=0&intClIdStr=&pageIndex=2&orderCol=MODDATE&orderBy=DESC&recordCountPerPage=10&viewEndService=&shaInfSno=S5300100338>
{'name': ['아름다운재단'], 'service': ['대학생 교육비 지원사업']}
2019-04-13 19:35:20 [scrapy.core.engine] DEBUG: Crawled (200) <GET http://bokjiro.go.kr//nwel/helpus/welsha/selectWelShaInfoBbrdMngView.do?searchCondition=&searchKeyword=&srchDuration=&stDate=&endDate=&pageUnit=10&endSvrEsc=0&intClIdStr=&pageIndex=2&orderCol=MODDATE&orderBy=DESC&recordCountPerPage=10&viewEndService=&shaInfSno=BOK00000432> (referer: http://bokjiro.go.kr/nwel/helpus/welsha/selectWelShaInfoBbrdMngList.do?searchCondition=&searchKeyword=&srchDuration=&stDate=&endDate=&pageUnit=10&endSvrEsc=0&intClIdStr=&orderCol=MODDATE&orderBy=DESC&recordCountPerPage=10&viewEndService=&pageIndex=2)
2019-04-13 19:35:20 [scrapy.core.scraper] DEBUG: Scraped from <200 http://bokjiro.go.kr//nwel/helpus/welsha/selectWelShaInfoBbrdMngView.do?searchCondition=&searchKeyword=&srchDuration=&stDate=&endDate=&pageUnit=10&endSvrEsc=0&intClIdStr=&pageIndex=1&orderCol=MODDATE&orderBy=DESC&recordCountPerPage=10&viewEndService=&shaInfSno=BOK00000450>
{'name': ['푸르메재단'], 'service': ['2019 SPC 2차 의료비 지원사업']}
2019-04-13 19:35:20 [scrapy.core.engine] DEBUG: Crawled (200) <GET http://bokjiro.go.kr//nwel/helpus/welsha/selectWelShaInfoBbrdMngView.do?searchCondition=&searchKeyword=&srchDuration=&stDate=&endDate=&pageUnit=10&endSvrEsc=0&intClIdStr=&pageIndex=2&orderCol=MODDATE&orderBy=DESC&recordCountPerPage=10&viewEndService=&shaInfSno=BOK00000431> (referer: http://bokjiro.go.kr/nwel/helpus/welsha/selectWelShaInfoBbrdMngList.do?searchCondition=&searchKeyword=&srchDuration=&stDate=&endDate=&pageUnit=10&endSvrEsc=0&intClIdStr=&orderCol=MODDATE&orderBy=DESC&recordCountPerPage=10&viewEndService=&pageIndex=2)
2019-04-13 19:35:20 [scrapy.core.scraper] DEBUG: Scraped from <200 http://bokjiro.go.kr//nwel/helpus/welsha/selectWelShaInfoBbrdMngView.do?searchCondition=&searchKeyword=&srchDuration=&stDate=&endDate=&pageUnit=10&endSvrEsc=0&intClIdStr=&pageIndex=2&orderCol=MODDATE&orderBy=DESC&recordCountPerPage=10&viewEndService=&shaInfSno=BOK00000419>
{'name': ['밀알복지재단'], 'service': ["한국자산관리공사와 함께하는 '신장이식수술비지원사업'"]}
2019-04-13 19:35:21 [scrapy.core.scraper] DEBUG: Scraped from <200 http://bokjiro.go.kr//nwel/helpus/welsha/selectWelShaInfoBbrdMngView.do?searchCondition=&searchKeyword=&srchDuration=&stDate=&endDate=&pageUnit=10&endSvrEsc=0&intClIdStr=&pageIndex=2&orderCol=MODDATE&orderBy=DESC&recordCountPerPage=10&viewEndService=&shaInfSno=BOK00000432>
{'name': ['한국의료지원재단'], 'service': ['저소득 전자산업 재해 근로자 지원 사업']}
2019-04-13 19:35:21 [scrapy.core.scraper] DEBUG: Scraped from <200 http://bokjiro.go.kr//nwel/helpus/welsha/selectWelShaInfoBbrdMngView.do?searchCondition=&searchKeyword=&srchDuration=&stDate=&endDate=&pageUnit=10&endSvrEsc=0&intClIdStr=&pageIndex=2&orderCol=MODDATE&orderBy=DESC&recordCountPerPage=10&viewEndService=&shaInfSno=BOK00000431>
{'name': ['밀알복지재단'], 'service': ['밀알복지재단 2019년 국내지원사업(재활치료비&수술비)안내']}
2019-04-13 19:35:21 [scrapy.core.engine] INFO: Closing spider (finished)
2019-04-13 19:35:21 [scrapy.statscollectors] INFO: Dumping Scrapy stats:
{'downloader/request_bytes': 28516,
 'downloader/request_count': 34,
 'downloader/request_method_count/GET': 34,
 'downloader/response_bytes': 2540672,
 'downloader/response_count': 34,
 'downloader/response_status_count/200': 34,
 'finish_reason': 'finished',
 'finish_time': datetime.datetime(2019, 4, 13, 10, 35, 21, 81982),
 'item_scraped_count': 30,
 'log_count/DEBUG': 64,
 'log_count/INFO': 9,
 'memusage/max': 50208768,
 'memusage/startup': 50204672,
 'request_depth_max': 1,
 'response_received_count': 34,
 'robotstxt/request_count': 1,
 'robotstxt/response_count': 1,
 'robotstxt/response_status_count/200': 1,
 'scheduler/dequeued': 33,
 'scheduler/dequeued/memory': 33,
 'scheduler/enqueued': 33,
 'scheduler/enqueued/memory': 33,
 'start_time': datetime.datetime(2019, 4, 13, 10, 35, 17, 864151)}
2019-04-13 19:35:21 [scrapy.core.engine] INFO: Spider closed (finished)
2019-04-13 19:53:12 [scrapy.utils.log] INFO: Scrapy 1.6.0 started (bot: welfare)
2019-04-13 19:53:12 [scrapy.utils.log] INFO: Versions: lxml 4.3.3.0, libxml2 2.9.9, cssselect 1.0.3, parsel 1.5.1, w3lib 1.20.0, Twisted 18.9.0, Python 3.7.3 (default, Mar 27 2019, 09:23:15) - [Clang 10.0.1 (clang-1001.0.46.3)], pyOpenSSL 19.0.0 (OpenSSL 1.1.1b  26 Feb 2019), cryptography 2.6.1, Platform Darwin-18.5.0-x86_64-i386-64bit
2019-04-13 19:53:12 [scrapy.crawler] INFO: Overridden settings: {'BOT_NAME': 'welfare', 'DUPEFILTER_CLASS': 'scrapy.dupefilters.BaseDupeFilter', 'LOGSTATS_INTERVAL': 0, 'LOG_FILE': 'logfile.log', 'NEWSPIDER_MODULE': 'welfare.spiders', 'ROBOTSTXT_OBEY': True, 'SPIDER_MODULES': ['welfare.spiders']}
2019-04-13 19:53:12 [scrapy.extensions.telnet] INFO: Telnet Password: f330fe816934457a
2019-04-13 19:53:12 [scrapy.middleware] INFO: Enabled extensions:
['scrapy.extensions.corestats.CoreStats',
 'scrapy.extensions.telnet.TelnetConsole',
 'scrapy.extensions.memusage.MemoryUsage']
2019-04-13 19:53:12 [scrapy.middleware] INFO: Enabled downloader middlewares:
['scrapy.downloadermiddlewares.robotstxt.RobotsTxtMiddleware',
 'scrapy.downloadermiddlewares.httpauth.HttpAuthMiddleware',
 'scrapy.downloadermiddlewares.downloadtimeout.DownloadTimeoutMiddleware',
 'scrapy.downloadermiddlewares.defaultheaders.DefaultHeadersMiddleware',
 'scrapy.downloadermiddlewares.useragent.UserAgentMiddleware',
 'scrapy.downloadermiddlewares.retry.RetryMiddleware',
 'scrapy.downloadermiddlewares.redirect.MetaRefreshMiddleware',
 'scrapy.downloadermiddlewares.httpcompression.HttpCompressionMiddleware',
 'scrapy.downloadermiddlewares.redirect.RedirectMiddleware',
 'scrapy.downloadermiddlewares.cookies.CookiesMiddleware',
 'scrapy.downloadermiddlewares.httpproxy.HttpProxyMiddleware',
 'scrapy.downloadermiddlewares.stats.DownloaderStats']
2019-04-13 19:53:12 [scrapy.middleware] INFO: Enabled spider middlewares:
['scrapy.spidermiddlewares.httperror.HttpErrorMiddleware',
 'scrapy.spidermiddlewares.offsite.OffsiteMiddleware',
 'scrapy.spidermiddlewares.referer.RefererMiddleware',
 'scrapy.spidermiddlewares.urllength.UrlLengthMiddleware',
 'scrapy.spidermiddlewares.depth.DepthMiddleware']
2019-04-13 19:53:12 [scrapy.middleware] INFO: Enabled item pipelines:
['welfare.pipelines.WelfarePipeline']
2019-04-13 19:53:12 [scrapy.extensions.telnet] INFO: Telnet console listening on 127.0.0.1:6029
